
=== Thu Mar  6 21:56:38 2025

Packages were changed.
Update Mode: updateDependencies

The following packages were added:
  com.unity.ai.navigation@1.1.5
The following packages were updated:
  com.unity.ext.nunit from version 1.0.0 to 1.0.6
  com.unity.ide.rider from version 2.0.1 to 3.0.25
  com.unity.ide.vscode from version 1.2.0 to 1.2.5
  com.unity.test-framework from version 1.1.13 to 1.1.33
  com.unity.textmeshpro from version 3.0.0-preview.1 to 3.0.6

=== Tue Apr  1 14:51:05 2025

Packages were changed.
Update Mode: updateDependencies

The following packages were added:
  com.unity.modules.accessibility@1.0.0
  com.unity.multiplayer.center@1.0.0
The following packages were updated:
  com.unity.ai.navigation from version 1.1.5 to 2.0.6
  com.unity.ext.nunit from version 1.0.6 to 2.0.5
  com.unity.ide.rider from version 3.0.25 to 3.0.31
  com.unity.inputsystem from version 1.7.0 to 1.13.1
  com.unity.test-framework from version 1.1.33 to 1.5.1
  com.unity.ugui from version 1.0.0 to 2.0.0
The following packages were removed:
  com.unity.textmeshpro@3.0.6
